2023-01-13 18:33:52 : load loadGUI() successful.
2023-01-13 18:33:52 : load setWindowSize() failed!
2023-01-13 18:33:52 : set ticket - enable
2023-01-13 18:33:52 : set retry - enable
2023-01-13 18:33:56 : set ticket - disable
2023-01-13 18:33:56 : set retry - disable
2023-01-13 18:33:59 : set ticket - enable
2023-01-13 18:34:00 : set retry - enable
2023-01-13 18:34:08 : set ticket - disable
2023-01-13 18:34:08 : set retry - disable
2023-01-13 18:34:22 : set ticket - disable
2023-01-13 18:34:22 : set retry - disable
2023-01-13 18:34:23 : set ticket - enable
2023-01-13 18:34:23 : set retry - enable
2023-01-13 18:34:27 : app start
2023-01-13 18:34:29 : app pause
2023-01-13 18:34:32 : set window position [1797,589]
2023-01-13 18:34:32 : app exit
2023-01-13 18:38:13 : load loadGUI() successful.
2023-01-13 18:38:13 : load setWindowSize() failed!
2023-01-13 18:38:13 : set ticket - enable
2023-01-13 18:38:13 : set retry - enable
2023-01-13 18:38:23 : set window position [1701,179]
2023-01-13 18:38:23 : app exit
2023-01-13 18:39:44 : load loadGUI() successful.
2023-01-13 18:39:44 : load setWindowSize() failed!
2023-01-13 18:39:44 : set ticket - enable
2023-01-13 18:39:44 : set retry - enable
2023-01-13 18:40:31 : set window position [1698,254]
2023-01-13 18:40:31 : app exit
2023-01-13 18:40:36 : load loadGUI() successful.
2023-01-13 18:40:36 : load setWindowSize() failed!
2023-01-13 18:40:36 : set ticket - enable
2023-01-13 18:40:36 : set retry - enable
2023-01-13 18:40:38 : set window position [1728,719]
2023-01-13 18:40:38 : app exit
2023-01-13 18:40:41 : load loadGUI() successful.
2023-01-13 18:40:41 : load setWindowSize() failed!
2023-01-13 18:40:41 : set ticket - enable
2023-01-13 18:40:41 : set retry - enable
2023-01-13 18:40:44 : set window position [2695,227]
2023-01-13 18:40:44 : app exit
2023-01-13 18:40:47 : load loadGUI() successful.
2023-01-13 18:40:47 : load setWindowSize() failed!
2023-01-13 18:40:47 : set ticket - enable
2023-01-13 18:40:47 : set retry - enable
2023-01-13 18:40:54 : set window position [1706,299]
2023-01-13 18:40:54 : app exit
2023-01-13 18:40:58 : load loadGUI() successful.
2023-01-13 18:40:58 : load setWindowSize() failed!
2023-01-13 18:40:58 : set ticket - enable
2023-01-13 18:40:58 : set retry - enable
2023-01-13 18:41:37 : app start
2023-01-13 18:41:42 : app pause
2023-01-13 18:41:44 : set window position [1396,430]
2023-01-13 18:41:44 : app exit
2023-01-13 18:42:32 : load loadGUI() successful.
2023-01-13 18:42:32 : load setWindowSize() failed!
2023-01-13 18:42:32 : set ticket - enable
2023-01-13 18:42:32 : set retry - enable
2023-01-13 18:43:42 : app start
2023-01-13 18:43:43 : app pause
2023-01-13 18:43:44 : app start
2023-01-13 18:43:45 : app pause
2023-01-13 18:43:46 : app start
2023-01-13 18:43:47 : app pause
2023-01-13 18:43:52 : set ticket - disable
2023-01-13 18:43:52 : set retry - disable
2023-01-13 18:43:54 : set ticket - enable
2023-01-13 18:43:54 : set retry - enable
2023-01-13 18:44:00 : set ticket - disable
2023-01-13 18:44:00 : set retry - disable
2023-01-13 18:44:02 : set window position [1734,443]
2023-01-13 18:44:02 : app exit
2023-01-13 18:44:05 : load loadGUI() successful.
2023-01-13 18:44:05 : load setWindowSize() failed!
2023-01-13 18:44:12 : set ticket - enable
2023-01-13 18:44:12 : set retry - enable
2023-01-13 18:44:15 : set window position [1734,443]
2023-01-13 18:44:15 : app exit
2023-01-13 18:44:18 : load loadGUI() successful.
2023-01-13 18:44:18 : load setWindowSize() failed!
2023-01-13 18:44:18 : set ticket - enable
2023-01-13 18:44:18 : set retry - enable
2023-01-13 18:44:32 : app start
2023-01-13 18:44:33 : app pause
2023-01-13 18:44:35 : set window position [1734,443]
2023-01-13 18:44:35 : app exit
2023-01-13 18:45:53 : load loadGUI() successful.
2023-01-13 18:45:53 : load setWindowSize() failed!
2023-01-13 18:45:53 : set ticket - enable
2023-01-13 18:45:53 : set retry - enable
2023-01-13 18:46:28 : set window position [1687,365]
2023-01-13 18:46:28 : app exit
2023-01-13 18:46:47 : load loadGUI() successful.
2023-01-13 18:46:47 : load setWindowSize() failed!
2023-01-13 18:46:47 : set ticket - enable
2023-01-13 18:46:47 : set retry - enable
2023-01-13 18:46:49 : set window position [1687,365]
2023-01-13 18:46:49 : app exit
2023-01-13 18:56:03 : load loadGUI() successful.
2023-01-13 18:56:03 : load setWindowSize() failed!
2023-01-13 18:56:03 : set ticket - enable
2023-01-13 18:56:03 : set retry - enable
2023-01-13 18:56:20 : set window position [2706,371]
2023-01-13 18:56:20 : app exit
2023-01-13 18:56:24 : load loadGUI() successful.
2023-01-13 18:56:24 : load setWindowSize() successful.
2023-01-13 18:56:24 : set ticket - enable
2023-01-13 18:56:24 : set retry - enable
2023-01-13 18:58:53 : app start
2023-01-13 18:58:53 : active ready '0xFBFBFC' [773,461]
2023-01-13 18:59:46 : set retry - disable
2023-01-13 18:59:46 : set ticket - disable
2023-01-13 18:59:51 : set ticket - enable
2023-01-13 18:59:51 : set retry - enable
2023-01-13 19:00:21 : active ticket '0x121722' [379,345]
2023-01-13 19:00:23 : app pause
2023-01-13 19:00:40 : set window position [1644,138]
2023-01-13 19:00:40 : app exit
2023-01-13 19:00:44 : load loadGUI() successful.
2023-01-13 19:00:44 : load setWindowSize() successful.
2023-01-13 19:00:44 : set ticket - enable
2023-01-13 19:00:44 : set retry - enable
2023-01-13 19:00:45 : set window position [1644,138]
2023-01-13 19:00:45 : app exit
2023-01-13 19:03:33 : load loadGUI() successful.
2023-01-13 19:03:33 : load setWindowSize() successful.
2023-01-13 19:03:33 : set ticket - enable
2023-01-13 19:03:33 : set retry - enable
2023-01-13 19:05:58 : set window position [1695,250]
2023-01-13 19:05:58 : app exit
2023-01-13 19:08:53 : load loadGUI() successful.
2023-01-13 19:08:53 : load setWindowSize() successful.
2023-01-13 19:08:53 : set ticket - enable
2023-01-13 19:08:53 : set retry - enable
2023-01-13 19:09:09 : app start
2023-01-13 19:09:10 : app pause
2023-01-13 19:09:11 : set window position [1872,382]
2023-01-13 19:09:11 : app exit
2023-01-13 19:33:19 : load loadGUI() successful.
2023-01-13 19:33:19 : load setWindowSize() successful.
2023-01-13 19:33:19 : set ticket - enable
2023-01-13 19:33:19 : set retry - enable
2023-01-13 19:43:30 : set window position [1780,43]
2023-01-13 19:43:30 : app exit
2023-01-13 19:43:44 : load loadGUI() successful.
2023-01-13 19:43:44 : load setWindowSize() successful.
2023-01-13 19:43:44 : set ticket - enable
2023-01-13 19:43:44 : set retry - enable
2023-01-13 19:43:49 : app start
2023-01-13 19:43:49 : active start '0x5C79D5' [829,438]
2023-01-13 19:44:38 : active ticket '0x121722' [379,345]
2023-01-13 19:44:54 : active start '0x5C79D5' [829,438]
2023-01-13 19:44:57 : set ticket - disable
2023-01-13 19:45:57 : app pause
2023-01-13 19:46:18 : set retry - disable
2023-01-13 19:46:24 : app start
2023-01-13 19:46:24 : active start '0x5C79D5' [829,438]
2023-01-13 19:47:13 : set retry - enable
2023-01-13 19:47:13 : active retry '0xDC9598' [713,254]
2023-01-13 19:47:19 : active start '0x5C79D5' [829,438]
2023-01-13 19:47:19 : active start '0x5C79D5' [829,438]
2023-01-13 19:47:54 : active retry '0xDC9598' [713,254]
2023-01-13 19:48:00 : active start '0x5C79D5' [829,438]
2023-01-13 19:48:34 : active retry '0xDC9598' [713,254]
2023-01-13 19:48:40 : active start '0x5C79D5' [829,438]
2023-01-13 19:49:15 : active retry '0xDC9598' [713,254]
2023-01-13 19:49:21 : active start '0x5C79D5' [829,438]
2023-01-13 19:49:56 : active retry '0xDC9598' [713,254]
2023-01-13 19:50:02 : active start '0x5C79D5' [829,438]
2023-01-13 19:50:34 : active retry '0xDC9598' [713,254]
2023-01-13 19:50:40 : active start '0x5C79D5' [829,438]
2023-01-13 19:51:13 : active retry '0xDC9598' [713,254]
2023-01-13 19:51:19 : active start '0x5C79D5' [829,438]
2023-01-13 19:51:20 : active start '0x5C79D5' [829,438]
2023-01-13 19:51:43 : set ticket - enable
2023-01-13 19:51:44 : set ticket - disable
2023-01-13 19:51:45 : set retry - disable
2023-01-13 19:51:46 : set retry - enable
2023-01-13 19:51:55 : active retry '0xDC9598' [713,254]
2023-01-13 19:52:01 : active start '0x5C79D5' [829,438]
2023-01-13 19:53:05 : app pause
2023-01-13 20:03:06 : set window position [1762,497]
2023-01-13 20:03:06 : app exit
2023-01-14 00:24:24 : load loadGUI() successful.
2023-01-14 00:24:24 : load setWindowSize() failed!
2023-01-14 00:24:24 : set retry - enable
2023-01-14 00:24:29 : set window position [1762,497]
2023-01-14 00:24:29 : app exit
2023-01-14 01:57:51 : load loadGUI() successful.
2023-01-14 01:57:51 : load setWindowSize() failed!
2023-01-14 01:57:51 : set retry - enable
2023-01-14 01:57:59 : set ticket - enable
2023-01-14 01:58:02 : set window position [1762,497]
2023-01-14 01:58:02 : app exit
2023-01-14 14:08:35 : load loadGUI() successful.
2023-01-14 14:08:36 : load setWindowSize() successful.
2023-01-14 14:08:36 : set ticket - enable
2023-01-14 14:08:36 : set retry - enable
2023-01-14 14:08:41 : app start
2023-01-14 14:08:59 : active ticket '0x121722' [379,345]
2023-01-14 14:09:12 : active ready '0xFBFBFC' [773,461]
2023-01-14 14:09:55 : set retry - disable
2023-01-14 14:09:55 : set ticket - disable
2023-01-14 14:10:00 : app pause
2023-01-14 14:10:04 : set window position [1786,682]
2023-01-14 14:10:04 : app exit
2023-01-14 14:10:14 : load loadGUI() successful.
2023-01-14 14:10:14 : load setWindowSize() successful.
2023-01-14 14:12:00 : set window position [1426,97]
2023-01-14 14:12:00 : app exit
2023-01-14 16:28:12 : load loadGUI() successful.
2023-01-14 16:28:13 : load setWindowSize() successful.
2023-01-14 16:28:17 : set ticket - enable
2023-01-14 16:28:17 : set retry - enable
2023-01-14 16:28:19 : app start
2023-01-14 16:29:13 : active ticket '0x121722' [379,345]
2023-01-14 16:29:26 : active ready '0xFBFBFC' [773,461]
2023-01-14 16:31:41 : active ticket '0x121722' [379,345]
2023-01-14 16:31:43 : set window position [0,0]
2023-01-14 16:31:43 : app exit
2023-01-14 19:09:19 : load loadGUI() successful.
2023-01-14 19:09:19 : load setWindowSize() successful.
2023-01-14 19:09:19 : set ticket - enable
2023-01-14 19:09:19 : set retry - enable
2023-01-14 19:09:23 : set window position [1062,482]
2023-01-14 19:09:23 : app exit
2023-01-14 19:09:27 : load loadGUI() successful.
2023-01-14 19:09:27 : load setWindowSize() successful.
2023-01-14 19:09:27 : set ticket - enable
2023-01-14 19:09:27 : set retry - enable
2023-01-14 19:12:58 : set window position [1665,703]
2023-01-14 19:12:58 : app exit
2023-01-14 20:41:16 : load loadGUI() successful.
2023-01-14 20:41:16 : load setWindowSize() successful.
2023-01-14 20:41:16 : set ticket - enable
2023-01-14 20:41:16 : set retry - enable
2023-01-14 20:44:48 : set window position [0,1032]
2023-01-14 20:44:48 : app exit
2023-01-14 20:44:52 : load loadGUI() successful.
2023-01-14 20:44:53 : load setWindowSize() successful.
2023-01-14 20:44:53 : set ticket - enable
2023-01-14 20:44:53 : set retry - enable
2023-01-14 20:45:01 : set window position [0,1032]
2023-01-14 20:45:01 : app exit
2023-01-14 20:45:06 : load loadGUI() successful.
2023-01-14 20:45:06 : load setWindowSize() successful.
2023-01-14 20:45:06 : set ticket - enable
2023-01-14 20:45:06 : set retry - enable
2023-01-14 20:45:09 : set window position [0,1032]
2023-01-14 20:45:09 : app exit
2023-01-14 20:45:29 : load loadGUI() successful.
2023-01-14 20:45:30 : load setWindowSize() successful.
2023-01-14 20:45:30 : set ticket - enable
2023-01-14 20:45:30 : set retry - enable
2023-01-14 20:45:32 : set window position [0,1032]
2023-01-14 20:45:32 : app exit
2023-01-14 20:45:42 : load loadGUI() successful.
2023-01-14 20:45:42 : load setWindowSize() successful.
2023-01-14 20:45:42 : set ticket - enable
2023-01-14 20:45:42 : set retry - enable
2023-01-14 20:46:13 : load loadGUI() successful.
2023-01-14 20:46:14 : load setWindowSize() successful.
2023-01-14 20:46:14 : set ticket - enable
2023-01-14 20:46:14 : set retry - enable
2023-01-14 20:47:16 : set window position [2553,623]
2023-01-14 20:47:16 : app exit
2023-01-14 20:47:20 : load loadGUI() successful.
2023-01-14 20:47:20 : load setWindowSize() successful.
2023-01-14 20:47:20 : set ticket - enable
2023-01-14 20:47:20 : set retry - enable
2023-01-14 20:47:58 : set window position [-8,-8]
2023-01-14 20:47:58 : app exit
2023-01-14 20:48:02 : load loadGUI() successful.
2023-01-14 20:48:02 : load setWindowSize() successful.
2023-01-14 20:48:02 : set ticket - enable
2023-01-14 20:48:02 : set retry - enable
2023-01-14 20:48:23 : set window position [1587,565]
2023-01-14 20:48:23 : app exit
2023-01-14 20:48:30 : load loadGUI() successful.
2023-01-14 20:48:30 : load setWindowSize() successful.
2023-01-14 20:48:30 : set ticket - enable
2023-01-14 20:48:30 : set retry - enable
2023-01-14 20:48:32 : set window position [-8,-8]
2023-01-14 20:48:32 : app exit
2023-01-14 21:10:14 : load loadGUI() successful.
2023-01-14 21:10:14 : load setWindowSize() successful.
2023-01-14 21:10:14 : set ticket - enable
2023-01-14 21:10:14 : set retry - enable
2023-01-14 21:10:16 : set window position [1786,673]
2023-01-14 21:10:16 : app exit
2023-01-14 21:10:20 : load loadGUI() successful.
2023-01-14 21:10:20 : load setWindowSize() successful.
2023-01-14 21:10:20 : set ticket - enable
2023-01-14 21:10:20 : set retry - enable
2023-01-14 21:10:22 : set window position [-8,-8]
2023-01-14 21:10:22 : app exit
2023-01-14 21:10:26 : load loadGUI() successful.
2023-01-14 21:10:26 : load setWindowSize() successful.
2023-01-14 21:10:26 : set ticket - enable
2023-01-14 21:10:26 : set retry - enable
2023-01-14 21:10:47 : set window position [-8,-8]
2023-01-14 21:10:47 : app exit
2023-01-14 21:10:51 : load loadGUI() successful.
2023-01-14 21:10:52 : load setWindowSize() successful.
2023-01-14 21:10:52 : set ticket - enable
2023-01-14 21:10:52 : set retry - enable
2023-01-14 21:11:03 : set window position [1305,545]
2023-01-14 21:11:03 : app exit
2023-01-14 21:11:07 : load loadGUI() successful.
2023-01-14 21:11:08 : load setWindowSize() successful.
2023-01-14 21:11:08 : set ticket - enable
2023-01-14 21:11:08 : set retry - enable
2023-01-14 21:11:17 : set window position [1565,743]
2023-01-14 21:11:17 : app exit
2023-01-14 21:11:51 : load loadGUI() successful.
2023-01-14 21:11:52 : load setWindowSize() successful.
2023-01-14 21:11:52 : set ticket - enable
2023-01-14 21:11:52 : set retry - enable
2023-01-14 21:11:58 : set window position [-8,-8]
2023-01-14 21:11:58 : app exit
2023-01-14 21:12:04 : load loadGUI() successful.
2023-01-14 21:12:04 : load setWindowSize() successful.
2023-01-14 21:12:04 : set ticket - enable
2023-01-14 21:12:04 : set retry - enable
2023-01-14 21:13:31 : set window position [1192,715]
2023-01-14 21:13:31 : app exit
2023-01-14 21:16:43 : load loadGUI() successful.
2023-01-14 21:16:43 : load setWindowSize() successful.
2023-01-14 21:16:43 : set ticket - enable
2023-01-14 21:16:43 : set retry - enable
2023-01-14 21:16:48 : load setWindowSize() successful.
2023-01-14 21:16:53 : load setWindowSize() successful.
2023-01-14 21:17:16 : load setWindowSize() successful.
2023-01-14 21:17:21 : load setWindowSize() successful.
2023-01-14 21:17:30 : load setWindowSize() successful.
2023-01-14 21:17:39 : load setWindowSize() successful.
2023-01-14 21:17:45 : set window position [1469,741]
2023-01-14 21:17:45 : app exit
2023-01-14 21:19:33 : load loadGUI() successful.
2023-01-14 21:19:34 : load setWindowSize() successful.
2023-01-14 21:19:34 : set ticket - enable
2023-01-14 21:19:34 : set retry - enable
2023-01-14 21:19:38 : load setWindowSize() successful.
2023-01-14 21:19:39 : load setWindowSize() successful.
2023-01-14 21:19:40 : load setWindowSize() successful.
2023-01-14 21:19:43 : load setWindowSize() successful.
2023-01-14 21:19:46 : load setWindowSize() successful.
2023-01-14 21:19:48 : load setWindowSize() successful.
2023-01-14 21:20:22 : set window position [-8,-8]
2023-01-14 21:20:22 : app exit
2023-01-14 21:20:28 : load loadGUI() successful.
2023-01-14 21:20:28 : load setWindowSize() successful.
2023-01-14 21:20:28 : set ticket - enable
2023-01-14 21:20:28 : set retry - enable
2023-01-14 21:20:31 : load setWindowSize() successful.
2023-01-14 21:20:35 : load setWindowSize() successful.
2023-01-14 21:21:57 : set window position [1290,245]
2023-01-14 21:21:57 : app exit
2023-01-14 21:22:35 : load loadGUI() successful.
2023-01-14 21:22:35 : load setWindowSize() successful.
2023-01-14 21:22:35 : set ticket - enable
2023-01-14 21:22:35 : set retry - enable
2023-01-14 21:22:46 : set window position [1507,100]
2023-01-14 21:22:46 : app exit
2023-01-14 21:23:55 : load loadGUI() successful.
2023-01-14 21:23:55 : load setWindowSize() successful.
2023-01-14 21:23:55 : set ticket - enable
2023-01-14 21:23:55 : set retry - enable
2023-01-14 21:24:01 : load setWindowSize() successful.
2023-01-14 21:24:14 : app start
2023-01-14 21:24:18 : app pause
2023-01-14 21:24:35 : load setWindowSize() successful.
2023-01-14 21:24:43 : load setWindowSize() successful.
2023-01-14 21:24:50 : set window position [1237,297]
2023-01-14 21:24:50 : app exit
2023-01-14 21:25:41 : load loadGUI() successful.
2023-01-14 21:25:41 : load setWindowSize() successful.
2023-01-14 21:25:41 : set ticket - enable
2023-01-14 21:25:41 : set retry - enable
2023-01-14 21:25:48 : load setWindowSize() successful.
2023-01-14 21:25:52 : set window position [1516,452]
2023-01-14 21:25:52 : app exit
2023-01-14 21:26:51 : load loadGUI() successful.
2023-01-14 21:26:51 : load setWindowSize() successful.
2023-01-14 21:26:51 : set ticket - enable
2023-01-14 21:26:51 : set retry - enable
2023-01-14 21:27:33 : load setWindowSize() successful.
2023-01-14 21:27:58 : set window position [-8,-8]
2023-01-14 21:27:58 : app exit
2023-01-14 21:28:03 : load loadGUI() successful.
2023-01-14 21:28:03 : load setWindowSize() successful.
2023-01-14 21:28:04 : set ticket - enable
2023-01-14 21:28:04 : set retry - enable
2023-01-14 21:28:11 : load setWindowSize() successful.
2023-01-14 21:28:28 : load setWindowSize() successful.
2023-01-14 21:28:32 : load setWindowSize() successful.
2023-01-14 21:28:34 : load setWindowSize() successful.
2023-01-14 21:28:58 : set window position [1659,465]
2023-01-14 21:28:58 : app exit
2023-01-14 21:29:03 : load loadGUI() successful.
2023-01-14 21:29:03 : load setWindowSize() successful.
2023-01-14 21:29:03 : set ticket - enable
2023-01-14 21:29:03 : set retry - enable
2023-01-14 21:29:04 : set window position [-8,-8]
2023-01-14 21:29:04 : app exit
2023-01-14 21:29:08 : load loadGUI() successful.
2023-01-14 21:29:09 : load setWindowSize() successful.
2023-01-14 21:29:09 : set ticket - enable
2023-01-14 21:29:09 : set retry - enable
2023-01-14 21:29:21 : set window position [-8,-8]
2023-01-14 21:29:21 : app exit
2023-01-14 21:29:28 : load loadGUI() successful.
2023-01-14 21:29:29 : load setWindowSize() successful.
2023-01-14 21:29:29 : set ticket - enable
2023-01-14 21:29:29 : set retry - enable
2023-01-14 21:29:34 : set window position [1388,761]
2023-01-14 21:29:34 : app exit
2023-01-14 21:29:39 : load loadGUI() successful.
2023-01-14 21:29:39 : load setWindowSize() successful.
2023-01-14 21:29:39 : set ticket - enable
2023-01-14 21:29:39 : set retry - enable
2023-01-14 21:29:46 : set window position [626,178]
2023-01-14 21:29:46 : app exit
